Arguments: 
  C:\Program Files\nodejs\node.exe C:\Users\artur\AppData\Roaming\npm\node_modules\yarn\bin\yarn.js start

PATH: 
  C:\Program Files\Git\mingw64\bin;C:\Program Files\Git\usr\bin;C:\Users\artur\bin;C:\Windows\system32;C:\Windows;C:\Windows\System32\Wbem;C:\Windows\System32\WindowsPowerShell\v1.0;C:\Windows\System32\OpenSSH;C:\Program Files\nodejs;C:\ProgramData\chocolatey\bin;C:\Windows\system32\config\systemprofile\AppData\Local\Android\Sdk\emulator;C:\Program Files\Git\cmd;C:\Users\artur\AppData\Local\Microsoft\WindowsApps;C:\Users\artur\AppData\Local\Programs\Microsoft VS Code\bin;C:\Users\artur\AppData\Roaming\npm;C:\Users\artur\AppData\Local\hyper\app-3.0.2\resources\bin;C:\Program Files (x86)\GitHub CLI;C:\Users\artur\AppData\Local\Android\Sdk\emulator;C:\Program Files\heroku\bin

Yarn version: 
  1.22.4

Node version: 
  12.16.3

Platform: 
  win32 x64

Trace: 
  SyntaxError: C:\Users\artur\Desktop\notion-app\package.json: Unexpected token } in JSON at position 827
      at JSON.parse (<anonymous>)
      at C:\Users\artur\AppData\Roaming\npm\node_modules\yarn\lib\cli.js:1625:59
      at Generator.next (<anonymous>)
      at step (C:\Users\artur\AppData\Roaming\npm\node_modules\yarn\lib\cli.js:310:30)
      at C:\Users\artur\AppData\Roaming\npm\node_modules\yarn\lib\cli.js:321:13

npm manifest: 
  {
    "name": "notion-app",
    "version": "1.0.0",
    "description": "An unofficial Notion app",
    "main": "index.js",
    "scripts": {
      "start": "electron .",
      "dist": "build"
    },
    "keywords": [],
    "author": "Artur Guedes <arturguedx@gmail.com>",
    "license": "ISC",
    "devDependencies": {
      "electron": "^9.1.1",
      "electron-builder": "^22.7.0"
    },
    "build": {
      "appId": "notion-unofficial",
      "category": "productivity",
      "dmg": {
        "contents": [
          {
            "x": 110,
            "y": 150
          },
          {
            "x": 240,
            "y": 150,
            "type": "link",
            "path": "/Applications"
          }
        ]
      },
      "linux": {
        "target": [
          "AppImage",
          "deb"
        ]
      },
      "win": {
        "target": "NSIS",
        "icon": "build/icon.ico"
      }
    },
  }

yarn manifest: 
  No manifest

Lockfile: 
  No lockfile
